
> crm-backend@1.0.0 dev
> nodemon --exec ts-node src/server.ts

[33m[nodemon] 3.1.10[39m
[33m[nodemon] to restart at any time, enter `rs`[39m
[33m[nodemon] watching path(s): src/**/*[39m
[33m[nodemon] watching extensions: ts,json[39m
[32m[nodemon] starting `ts-node src/server.ts`[39m
[31m[nodemon] app crashed - waiting for file changes before starting...[39m
[32m[nodemon] restarting child process[39m
[32m[nodemon] starting `ts-node src/server.ts`[39m
🚀 Rate limiting disabled (development mode)
Database connection established successfully.
prisma:query INSERT INTO "public"."permissions" ("name","key","description","module","createdAt","updatedAt") VALUES ($1,$2,$3,$4,$5,$6) ON CONFLICT ("key") DO UPDATE SET "name" = $7, "key" = $8, "module" = $9, "description" = $10, "updatedAt" = $11 WHERE ("public"."permissions"."key" = $12 AND 1=1) RETURNING "public"."permissions"."id", "public"."permissions"."name", "public"."permissions"."key", "public"."permissions"."description", "public"."permissions"."module", "public"."permissions"."createdAt", "public"."permissions"."updatedAt"
prisma:query INSERT INTO "public"."permissions" ("name","key","description","module","createdAt","updatedAt") VALUES ($1,$2,$3,$4,$5,$6) ON CONFLICT ("key") DO UPDATE SET "name" = $7, "key" = $8, "module" = $9, "description" = $10, "updatedAt" = $11 WHERE ("public"."permissions"."key" = $12 AND 1=1) RETURNING "public"."permissions"."id", "public"."permissions"."name", "public"."permissions"."key", "public"."permissions"."description", "public"."permissions"."module", "public"."permissions"."createdAt", "public"."permissions"."updatedAt"
prisma:query INSERT INTO "public"."permissions" ("name","key","description","module","createdAt","updatedAt") VALUES ($1,$2,$3,$4,$5,$6) ON CONFLICT ("key") DO UPDATE SET "name" = $7, "key" = $8, "module" = $9, "description" = $10, "updatedAt" = $11 WHERE ("public"."permissions"."key" = $12 AND 1=1) RETURNING "public"."permissions"."id", "public"."permissions"."name", "public"."permissions"."key", "public"."permissions"."description", "public"."permissions"."module", "public"."permissions"."createdAt", "public"."permissions"."updatedAt"
prisma:query INSERT INTO "public"."permissions" ("name","key","description","module","createdAt","updatedAt") VALUES ($1,$2,$3,$4,$5,$6) ON CONFLICT ("key") DO UPDATE SET "name" = $7, "key" = $8, "module" = $9, "description" = $10, "updatedAt" = $11 WHERE ("public"."permissions"."key" = $12 AND 1=1) RETURNING "public"."permissions"."id", "public"."permissions"."name", "public"."permissions"."key", "public"."permissions"."description", "public"."permissions"."module", "public"."permissions"."createdAt", "public"."permissions"."updatedAt"
prisma:query INSERT INTO "public"."permissions" ("name","key","description","module","createdAt","updatedAt") VALUES ($1,$2,$3,$4,$5,$6) ON CONFLICT ("key") DO UPDATE SET "name" = $7, "key" = $8, "module" = $9, "description" = $10, "updatedAt" = $11 WHERE ("public"."permissions"."key" = $12 AND 1=1) RETURNING "public"."permissions"."id", "public"."permissions"."name", "public"."permissions"."key", "public"."permissions"."description", "public"."permissions"."module", "public"."permissions"."createdAt", "public"."permissions"."updatedAt"
prisma:query INSERT INTO "public"."permissions" ("name","key","description","module","createdAt","updatedAt") VALUES ($1,$2,$3,$4,$5,$6) ON CONFLICT ("key") DO UPDATE SET "name" = $7, "key" = $8, "module" = $9, "description" = $10, "updatedAt" = $11 WHERE ("public"."permissions"."key" = $12 AND 1=1) RETURNING "public"."permissions"."id", "public"."permissions"."name", "public"."permissions"."key", "public"."permissions"."description", "public"."permissions"."module", "public"."permissions"."createdAt", "public"."permissions"."updatedAt"
prisma:query INSERT INTO "public"."permissions" ("name","key","description","module","createdAt","updatedAt") VALUES ($1,$2,$3,$4,$5,$6) ON CONFLICT ("key") DO UPDATE SET "name" = $7, "key" = $8, "module" = $9, "description" = $10, "updatedAt" = $11 WHERE ("public"."permissions"."key" = $12 AND 1=1) RETURNING "public"."permissions"."id", "public"."permissions"."name", "public"."permissions"."key", "public"."permissions"."description", "public"."permissions"."module", "public"."permissions"."createdAt", "public"."permissions"."updatedAt"
prisma:query INSERT INTO "public"."permissions" ("name","key","description","module","createdAt","updatedAt") VALUES ($1,$2,$3,$4,$5,$6) ON CONFLICT ("key") DO UPDATE SET "name" = $7, "key" = $8, "module" = $9, "description" = $10, "updatedAt" = $11 WHERE ("public"."permissions"."key" = $12 AND 1=1) RETURNING "public"."permissions"."id", "public"."permissions"."name", "public"."permissions"."key", "public"."permissions"."description", "public"."permissions"."module", "public"."permissions"."createdAt", "public"."permissions"."updatedAt"
prisma:query INSERT INTO "public"."permissions" ("name","key","description","module","createdAt","updatedAt") VALUES ($1,$2,$3,$4,$5,$6) ON CONFLICT ("key") DO UPDATE SET "name" = $7, "key" = $8, "module" = $9, "description" = $10, "updatedAt" = $11 WHERE ("public"."permissions"."key" = $12 AND 1=1) RETURNING "public"."permissions"."id", "public"."permissions"."name", "public"."permissions"."key", "public"."permissions"."description", "public"."permissions"."module", "public"."permissions"."createdAt", "public"."permissions"."updatedAt"
prisma:query INSERT INTO "public"."permissions" ("name","key","description","module","createdAt","updatedAt") VALUES ($1,$2,$3,$4,$5,$6) ON CONFLICT ("key") DO UPDATE SET "name" = $7, "key" = $8, "module" = $9, "description" = $10, "updatedAt" = $11 WHERE ("public"."permissions"."key" = $12 AND 1=1) RETURNING "public"."permissions"."id", "public"."permissions"."name", "public"."permissions"."key", "public"."permissions"."description", "public"."permissions"."module", "public"."permissions"."createdAt", "public"."permissions"."updatedAt"
prisma:query INSERT INTO "public"."permissions" ("name","key","description","module","createdAt","updatedAt") VALUES ($1,$2,$3,$4,$5,$6) ON CONFLICT ("key") DO UPDATE SET "name" = $7, "key" = $8, "module" = $9, "description" = $10, "updatedAt" = $11 WHERE ("public"."permissions"."key" = $12 AND 1=1) RETURNING "public"."permissions"."id", "public"."permissions"."name", "public"."permissions"."key", "public"."permissions"."description", "public"."permissions"."module", "public"."permissions"."createdAt", "public"."permissions"."updatedAt"
prisma:query INSERT INTO "public"."permissions" ("name","key","description","module","createdAt","updatedAt") VALUES ($1,$2,$3,$4,$5,$6) ON CONFLICT ("key") DO UPDATE SET "name" = $7, "key" = $8, "module" = $9, "description" = $10, "updatedAt" = $11 WHERE ("public"."permissions"."key" = $12 AND 1=1) RETURNING "public"."permissions"."id", "public"."permissions"."name", "public"."permissions"."key", "public"."permissions"."description", "public"."permissions"."module", "public"."permissions"."createdAt", "public"."permissions"."updatedAt"
prisma:query INSERT INTO "public"."permissions" ("name","key","description","module","createdAt","updatedAt") VALUES ($1,$2,$3,$4,$5,$6) ON CONFLICT ("key") DO UPDATE SET "name" = $7, "key" = $8, "module" = $9, "description" = $10, "updatedAt" = $11 WHERE ("public"."permissions"."key" = $12 AND 1=1) RETURNING "public"."permissions"."id", "public"."permissions"."name", "public"."permissions"."key", "public"."permissions"."description", "public"."permissions"."module", "public"."permissions"."createdAt", "public"."permissions"."updatedAt"
prisma:query INSERT INTO "public"."permissions" ("name","key","description","module","createdAt","updatedAt") VALUES ($1,$2,$3,$4,$5,$6) ON CONFLICT ("key") DO UPDATE SET "name" = $7, "key" = $8, "module" = $9, "description" = $10, "updatedAt" = $11 WHERE ("public"."permissions"."key" = $12 AND 1=1) RETURNING "public"."permissions"."id", "public"."permissions"."name", "public"."permissions"."key", "public"."permissions"."description", "public"."permissions"."module", "public"."permissions"."createdAt", "public"."permissions"."updatedAt"
prisma:query INSERT INTO "public"."permissions" ("name","key","description","module","createdAt","updatedAt") VALUES ($1,$2,$3,$4,$5,$6) ON CONFLICT ("key") DO UPDATE SET "name" = $7, "key" = $8, "module" = $9, "description" = $10, "updatedAt" = $11 WHERE ("public"."permissions"."key" = $12 AND 1=1) RETURNING "public"."permissions"."id", "public"."permissions"."name", "public"."permissions"."key", "public"."permissions"."description", "public"."permissions"."module", "public"."permissions"."createdAt", "public"."permissions"."updatedAt"
prisma:query INSERT INTO "public"."permissions" ("name","key","description","module","createdAt","updatedAt") VALUES ($1,$2,$3,$4,$5,$6) ON CONFLICT ("key") DO UPDATE SET "name" = $7, "key" = $8, "module" = $9, "description" = $10, "updatedAt" = $11 WHERE ("public"."permissions"."key" = $12 AND 1=1) RETURNING "public"."permissions"."id", "public"."permissions"."name", "public"."permissions"."key", "public"."permissions"."description", "public"."permissions"."module", "public"."permissions"."createdAt", "public"."permissions"."updatedAt"
prisma:query INSERT INTO "public"."permissions" ("name","key","description","module","createdAt","updatedAt") VALUES ($1,$2,$3,$4,$5,$6) ON CONFLICT ("key") DO UPDATE SET "name" = $7, "key" = $8, "module" = $9, "description" = $10, "updatedAt" = $11 WHERE ("public"."permissions"."key" = $12 AND 1=1) RETURNING "public"."permissions"."id", "public"."permissions"."name", "public"."permissions"."key", "public"."permissions"."description", "public"."permissions"."module", "public"."permissions"."createdAt", "public"."permissions"."updatedAt"
prisma:query INSERT INTO "public"."permissions" ("name","key","description","module","createdAt","updatedAt") VALUES ($1,$2,$3,$4,$5,$6) ON CONFLICT ("key") DO UPDATE SET "name" = $7, "key" = $8, "module" = $9, "description" = $10, "updatedAt" = $11 WHERE ("public"."permissions"."key" = $12 AND 1=1) RETURNING "public"."permissions"."id", "public"."permissions"."name", "public"."permissions"."key", "public"."permissions"."description", "public"."permissions"."module", "public"."permissions"."createdAt", "public"."permissions"."updatedAt"
prisma:query INSERT INTO "public"."permissions" ("name","key","description","module","createdAt","updatedAt") VALUES ($1,$2,$3,$4,$5,$6) ON CONFLICT ("key") DO UPDATE SET "name" = $7, "key" = $8, "module" = $9, "description" = $10, "updatedAt" = $11 WHERE ("public"."permissions"."key" = $12 AND 1=1) RETURNING "public"."permissions"."id", "public"."permissions"."name", "public"."permissions"."key", "public"."permissions"."description", "public"."permissions"."module", "public"."permissions"."createdAt", "public"."permissions"."updatedAt"
prisma:query INSERT INTO "public"."permissions" ("name","key","description","module","createdAt","updatedAt") VALUES ($1,$2,$3,$4,$5,$6) ON CONFLICT ("key") DO UPDATE SET "name" = $7, "key" = $8, "module" = $9, "description" = $10, "updatedAt" = $11 WHERE ("public"."permissions"."key" = $12 AND 1=1) RETURNING "public"."permissions"."id", "public"."permissions"."name", "public"."permissions"."key", "public"."permissions"."description", "public"."permissions"."module", "public"."permissions"."createdAt", "public"."permissions"."updatedAt"
prisma:query INSERT INTO "public"."permissions" ("name","key","description","module","createdAt","updatedAt") VALUES ($1,$2,$3,$4,$5,$6) ON CONFLICT ("key") DO UPDATE SET "name" = $7, "key" = $8, "module" = $9, "description" = $10, "updatedAt" = $11 WHERE ("public"."permissions"."key" = $12 AND 1=1) RETURNING "public"."permissions"."id", "public"."permissions"."name", "public"."permissions"."key", "public"."permissions"."description", "public"."permissions"."module", "public"."permissions"."createdAt", "public"."permissions"."updatedAt"
prisma:query INSERT INTO "public"."permissions" ("name","key","description","module","createdAt","updatedAt") VALUES ($1,$2,$3,$4,$5,$6) ON CONFLICT ("key") DO UPDATE SET "name" = $7, "key" = $8, "module" = $9, "description" = $10, "updatedAt" = $11 WHERE ("public"."permissions"."key" = $12 AND 1=1) RETURNING "public"."permissions"."id", "public"."permissions"."name", "public"."permissions"."key", "public"."permissions"."description", "public"."permissions"."module", "public"."permissions"."createdAt", "public"."permissions"."updatedAt"
prisma:query INSERT INTO "public"."permissions" ("name","key","description","module","createdAt","updatedAt") VALUES ($1,$2,$3,$4,$5,$6) ON CONFLICT ("key") DO UPDATE SET "name" = $7, "key" = $8, "module" = $9, "description" = $10, "updatedAt" = $11 WHERE ("public"."permissions"."key" = $12 AND 1=1) RETURNING "public"."permissions"."id", "public"."permissions"."name", "public"."permissions"."key", "public"."permissions"."description", "public"."permissions"."module", "public"."permissions"."createdAt", "public"."permissions"."updatedAt"
prisma:query INSERT INTO "public"."permissions" ("name","key","description","module","createdAt","updatedAt") VALUES ($1,$2,$3,$4,$5,$6) ON CONFLICT ("key") DO UPDATE SET "name" = $7, "key" = $8, "module" = $9, "description" = $10, "updatedAt" = $11 WHERE ("public"."permissions"."key" = $12 AND 1=1) RETURNING "public"."permissions"."id", "public"."permissions"."name", "public"."permissions"."key", "public"."permissions"."description", "public"."permissions"."module", "public"."permissions"."createdAt", "public"."permissions"."updatedAt"
prisma:query INSERT INTO "public"."permissions" ("name","key","description","module","createdAt","updatedAt") VALUES ($1,$2,$3,$4,$5,$6) ON CONFLICT ("key") DO UPDATE SET "name" = $7, "key" = $8, "module" = $9, "description" = $10, "updatedAt" = $11 WHERE ("public"."permissions"."key" = $12 AND 1=1) RETURNING "public"."permissions"."id", "public"."permissions"."name", "public"."permissions"."key", "public"."permissions"."description", "public"."permissions"."module", "public"."permissions"."createdAt", "public"."permissions"."updatedAt"
prisma:query INSERT INTO "public"."permissions" ("name","key","description","module","createdAt","updatedAt") VALUES ($1,$2,$3,$4,$5,$6) ON CONFLICT ("key") DO UPDATE SET "name" = $7, "key" = $8, "module" = $9, "description" = $10, "updatedAt" = $11 WHERE ("public"."permissions"."key" = $12 AND 1=1) RETURNING "public"."permissions"."id", "public"."permissions"."name", "public"."permissions"."key", "public"."permissions"."description", "public"."permissions"."module", "public"."permissions"."createdAt", "public"."permissions"."updatedAt"
prisma:query INSERT INTO "public"."permissions" ("name","key","description","module","createdAt","updatedAt") VALUES ($1,$2,$3,$4,$5,$6) ON CONFLICT ("key") DO UPDATE SET "name" = $7, "key" = $8, "module" = $9, "description" = $10, "updatedAt" = $11 WHERE ("public"."permissions"."key" = $12 AND 1=1) RETURNING "public"."permissions"."id", "public"."permissions"."name", "public"."permissions"."key", "public"."permissions"."description", "public"."permissions"."module", "public"."permissions"."createdAt", "public"."permissions"."updatedAt"
prisma:query INSERT INTO "public"."permissions" ("name","key","description","module","createdAt","updatedAt") VALUES ($1,$2,$3,$4,$5,$6) ON CONFLICT ("key") DO UPDATE SET "name" = $7, "key" = $8, "module" = $9, "description" = $10, "updatedAt" = $11 WHERE ("public"."permissions"."key" = $12 AND 1=1) RETURNING "public"."permissions"."id", "public"."permissions"."name", "public"."permissions"."key", "public"."permissions"."description", "public"."permissions"."module", "public"."permissions"."createdAt", "public"."permissions"."updatedAt"
prisma:query INSERT INTO "public"."permissions" ("name","key","description","module","createdAt","updatedAt") VALUES ($1,$2,$3,$4,$5,$6) ON CONFLICT ("key") DO UPDATE SET "name" = $7, "key" = $8, "module" = $9, "description" = $10, "updatedAt" = $11 WHERE ("public"."permissions"."key" = $12 AND 1=1) RETURNING "public"."permissions"."id", "public"."permissions"."name", "public"."permissions"."key", "public"."permissions"."description", "public"."permissions"."module", "public"."permissions"."createdAt", "public"."permissions"."updatedAt"
prisma:query INSERT INTO "public"."permissions" ("name","key","description","module","createdAt","updatedAt") VALUES ($1,$2,$3,$4,$5,$6) ON CONFLICT ("key") DO UPDATE SET "name" = $7, "key" = $8, "module" = $9, "description" = $10, "updatedAt" = $11 WHERE ("public"."permissions"."key" = $12 AND 1=1) RETURNING "public"."permissions"."id", "public"."permissions"."name", "public"."permissions"."key", "public"."permissions"."description", "public"."permissions"."module", "public"."permissions"."createdAt", "public"."permissions"."updatedAt"
prisma:query INSERT INTO "public"."permissions" ("name","key","description","module","createdAt","updatedAt") VALUES ($1,$2,$3,$4,$5,$6) ON CONFLICT ("key") DO UPDATE SET "name" = $7, "key" = $8, "module" = $9, "description" = $10, "updatedAt" = $11 WHERE ("public"."permissions"."key" = $12 AND 1=1) RETURNING "public"."permissions"."id", "public"."permissions"."name", "public"."permissions"."key", "public"."permissions"."description", "public"."permissions"."module", "public"."permissions"."createdAt", "public"."permissions"."updatedAt"
prisma:query INSERT INTO "public"."roles" ("name","description","isActive","createdAt","updatedAt") VALUES ($1,$2,$3,$4,$5) ON CONFLICT ("name") DO UPDATE SET "name" = $6, "description" = $7, "updatedAt" = $8 WHERE ("public"."roles"."name" = $9 AND 1=1) RETURNING "public"."roles"."id", "public"."roles"."name", "public"."roles"."description", "public"."roles"."isActive", "public"."roles"."createdAt", "public"."roles"."updatedAt", "public"."roles"."deletedAt"
prisma:query INSERT INTO "public"."roles" ("name","description","isActive","createdAt","updatedAt") VALUES ($1,$2,$3,$4,$5) ON CONFLICT ("name") DO UPDATE SET "name" = $6, "description" = $7, "updatedAt" = $8 WHERE ("public"."roles"."name" = $9 AND 1=1) RETURNING "public"."roles"."id", "public"."roles"."name", "public"."roles"."description", "public"."roles"."isActive", "public"."roles"."createdAt", "public"."roles"."updatedAt", "public"."roles"."deletedAt"
prisma:query SELECT "public"."permissions"."id", "public"."permissions"."name", "public"."permissions"."key", "public"."permissions"."description", "public"."permissions"."module", "public"."permissions"."createdAt", "public"."permissions"."updatedAt" FROM "public"."permissions" WHERE 1=1 OFFSET $1
prisma:query BEGIN
prisma:query SELECT "public"."role_permissions"."id" FROM "public"."role_permissions" WHERE (("public"."role_permissions"."roleId" = $1 AND "public"."role_permissions"."permissionId" = $2) AND 1=1) OFFSET $3
prisma:query SELECT "public"."role_permissions"."id", "public"."role_permissions"."roleId", "public"."role_permissions"."permissionId" FROM "public"."role_permissions" WHERE ("public"."role_permissions"."id" = $1 AND (("public"."role_permissions"."roleId" = $2 AND "public"."role_permissions"."permissionId" = $3) AND 1=1)) LIMIT $4 OFFSET $5
prisma:query SELECT "public"."role_permissions"."id", "public"."role_permissions"."roleId", "public"."role_permissions"."permissionId" FROM "public"."role_permissions" WHERE "public"."role_permissions"."id" = $1 LIMIT $2 OFFSET $3
prisma:query COMMIT
prisma:query BEGIN
prisma:query SELECT "public"."role_permissions"."id" FROM "public"."role_permissions" WHERE (("public"."role_permissions"."roleId" = $1 AND "public"."role_permissions"."permissionId" = $2) AND 1=1) OFFSET $3
prisma:query SELECT "public"."role_permissions"."id", "public"."role_permissions"."roleId", "public"."role_permissions"."permissionId" FROM "public"."role_permissions" WHERE ("public"."role_permissions"."id" = $1 AND (("public"."role_permissions"."roleId" = $2 AND "public"."role_permissions"."permissionId" = $3) AND 1=1)) LIMIT $4 OFFSET $5
prisma:query SELECT "public"."role_permissions"."id", "public"."role_permissions"."roleId", "public"."role_permissions"."permissionId" FROM "public"."role_permissions" WHERE "public"."role_permissions"."id" = $1 LIMIT $2 OFFSET $3
prisma:query COMMIT
prisma:query BEGIN
prisma:query SELECT "public"."role_permissions"."id" FROM "public"."role_permissions" WHERE (("public"."role_permissions"."roleId" = $1 AND "public"."role_permissions"."permissionId" = $2) AND 1=1) OFFSET $3
prisma:query SELECT "public"."role_permissions"."id", "public"."role_permissions"."roleId", "public"."role_permissions"."permissionId" FROM "public"."role_permissions" WHERE ("public"."role_permissions"."id" = $1 AND (("public"."role_permissions"."roleId" = $2 AND "public"."role_permissions"."permissionId" = $3) AND 1=1)) LIMIT $4 OFFSET $5
prisma:query SELECT "public"."role_permissions"."id", "public"."role_permissions"."roleId", "public"."role_permissions"."permissionId" FROM "public"."role_permissions" WHERE "public"."role_permissions"."id" = $1 LIMIT $2 OFFSET $3
prisma:query COMMIT
prisma:query BEGIN
prisma:query SELECT "public"."role_permissions"."id" FROM "public"."role_permissions" WHERE (("public"."role_permissions"."roleId" = $1 AND "public"."role_permissions"."permissionId" = $2) AND 1=1) OFFSET $3
prisma:query SELECT "public"."role_permissions"."id", "public"."role_permissions"."roleId", "public"."role_permissions"."permissionId" FROM "public"."role_permissions" WHERE ("public"."role_permissions"."id" = $1 AND (("public"."role_permissions"."roleId" = $2 AND "public"."role_permissions"."permissionId" = $3) AND 1=1)) LIMIT $4 OFFSET $5
prisma:query SELECT "public"."role_permissions"."id", "public"."role_permissions"."roleId", "public"."role_permissions"."permissionId" FROM "public"."role_permissions" WHERE "public"."role_permissions"."id" = $1 LIMIT $2 OFFSET $3
prisma:query COMMIT
prisma:query BEGIN
prisma:query SELECT "public"."role_permissions"."id" FROM "public"."role_permissions" WHERE (("public"."role_permissions"."roleId" = $1 AND "public"."role_permissions"."permissionId" = $2) AND 1=1) OFFSET $3
prisma:query SELECT "public"."role_permissions"."id", "public"."role_permissions"."roleId", "public"."role_permissions"."permissionId" FROM "public"."role_permissions" WHERE ("public"."role_permissions"."id" = $1 AND (("public"."role_permissions"."roleId" = $2 AND "public"."role_permissions"."permissionId" = $3) AND 1=1)) LIMIT $4 OFFSET $5
prisma:query SELECT "public"."role_permissions"."id", "public"."role_permissions"."roleId", "public"."role_permissions"."permissionId" FROM "public"."role_permissions" WHERE "public"."role_permissions"."id" = $1 LIMIT $2 OFFSET $3
prisma:query COMMIT
prisma:query BEGIN
prisma:query SELECT "public"."role_permissions"."id" FROM "public"."role_permissions" WHERE (("public"."role_permissions"."roleId" = $1 AND "public"."role_permissions"."permissionId" = $2) AND 1=1) OFFSET $3
prisma:query SELECT "public"."role_permissions"."id", "public"."role_permissions"."roleId", "public"."role_permissions"."permissionId" FROM "public"."role_permissions" WHERE ("public"."role_permissions"."id" = $1 AND (("public"."role_permissions"."roleId" = $2 AND "public"."role_permissions"."permissionId" = $3) AND 1=1)) LIMIT $4 OFFSET $5
prisma:query SELECT "public"."role_permissions"."id", "public"."role_permissions"."roleId", "public"."role_permissions"."permissionId" FROM "public"."role_permissions" WHERE "public"."role_permissions"."id" = $1 LIMIT $2 OFFSET $3
prisma:query COMMIT
prisma:query BEGIN
prisma:query SELECT "public"."role_permissions"."id" FROM "public"."role_permissions" WHERE (("public"."role_permissions"."roleId" = $1 AND "public"."role_permissions"."permissionId" = $2) AND 1=1) OFFSET $3
prisma:query SELECT "public"."role_permissions"."id", "public"."role_permissions"."roleId", "public"."role_permissions"."permissionId" FROM "public"."role_permissions" WHERE ("public"."role_permissions"."id" = $1 AND (("public"."role_permissions"."roleId" = $2 AND "public"."role_permissions"."permissionId" = $3) AND 1=1)) LIMIT $4 OFFSET $5
prisma:query SELECT "public"."role_permissions"."id", "public"."role_permissions"."roleId", "public"."role_permissions"."permissionId" FROM "public"."role_permissions" WHERE "public"."role_permissions"."id" = $1 LIMIT $2 OFFSET $3
prisma:query COMMIT
prisma:query BEGIN
prisma:query SELECT "public"."role_permissions"."id" FROM "public"."role_permissions" WHERE (("public"."role_permissions"."roleId" = $1 AND "public"."role_permissions"."permissionId" = $2) AND 1=1) OFFSET $3
prisma:query SELECT "public"."role_permissions"."id", "public"."role_permissions"."roleId", "public"."role_permissions"."permissionId" FROM "public"."role_permissions" WHERE ("public"."role_permissions"."id" = $1 AND (("public"."role_permissions"."roleId" = $2 AND "public"."role_permissions"."permissionId" = $3) AND 1=1)) LIMIT $4 OFFSET $5
prisma:query SELECT "public"."role_permissions"."id", "public"."role_permissions"."roleId", "public"."role_permissions"."permissionId" FROM "public"."role_permissions" WHERE "public"."role_permissions"."id" = $1 LIMIT $2 OFFSET $3
prisma:query COMMIT
prisma:query BEGIN
prisma:query SELECT "public"."role_permissions"."id" FROM "public"."role_permissions" WHERE (("public"."role_permissions"."roleId" = $1 AND "public"."role_permissions"."permissionId" = $2) AND 1=1) OFFSET $3
prisma:query SELECT "public"."role_permissions"."id", "public"."role_permissions"."roleId", "public"."role_permissions"."permissionId" FROM "public"."role_permissions" WHERE ("public"."role_permissions"."id" = $1 AND (("public"."role_permissions"."roleId" = $2 AND "public"."role_permissions"."permissionId" = $3) AND 1=1)) LIMIT $4 OFFSET $5
prisma:query SELECT "public"."role_permissions"."id", "public"."role_permissions"."roleId", "public"."role_permissions"."permissionId" FROM "public"."role_permissions" WHERE "public"."role_permissions"."id" = $1 LIMIT $2 OFFSET $3
prisma:query COMMIT
prisma:query BEGIN
prisma:query SELECT "public"."role_permissions"."id" FROM "public"."role_permissions" WHERE (("public"."role_permissions"."roleId" = $1 AND "public"."role_permissions"."permissionId" = $2) AND 1=1) OFFSET $3
prisma:query SELECT "public"."role_permissions"."id", "public"."role_permissions"."roleId", "public"."role_permissions"."permissionId" FROM "public"."role_permissions" WHERE ("public"."role_permissions"."id" = $1 AND (("public"."role_permissions"."roleId" = $2 AND "public"."role_permissions"."permissionId" = $3) AND 1=1)) LIMIT $4 OFFSET $5
prisma:query SELECT "public"."role_permissions"."id", "public"."role_permissions"."roleId", "public"."role_permissions"."permissionId" FROM "public"."role_permissions" WHERE "public"."role_permissions"."id" = $1 LIMIT $2 OFFSET $3
prisma:query COMMIT
prisma:query BEGIN
prisma:query SELECT "public"."role_permissions"."id" FROM "public"."role_permissions" WHERE (("public"."role_permissions"."roleId" = $1 AND "public"."role_permissions"."permissionId" = $2) AND 1=1) OFFSET $3
prisma:query SELECT "public"."role_permissions"."id", "public"."role_permissions"."roleId", "public"."role_permissions"."permissionId" FROM "public"."role_permissions" WHERE ("public"."role_permissions"."id" = $1 AND (("public"."role_permissions"."roleId" = $2 AND "public"."role_permissions"."permissionId" = $3) AND 1=1)) LIMIT $4 OFFSET $5
prisma:query SELECT "public"."role_permissions"."id", "public"."role_permissions"."roleId", "public"."role_permissions"."permissionId" FROM "public"."role_permissions" WHERE "public"."role_permissions"."id" = $1 LIMIT $2 OFFSET $3
prisma:query COMMIT
prisma:query BEGIN
prisma:query SELECT "public"."role_permissions"."id" FROM "public"."role_permissions" WHERE (("public"."role_permissions"."roleId" = $1 AND "public"."role_permissions"."permissionId" = $2) AND 1=1) OFFSET $3
prisma:query SELECT "public"."role_permissions"."id", "public"."role_permissions"."roleId", "public"."role_permissions"."permissionId" FROM "public"."role_permissions" WHERE ("public"."role_permissions"."id" = $1 AND (("public"."role_permissions"."roleId" = $2 AND "public"."role_permissions"."permissionId" = $3) AND 1=1)) LIMIT $4 OFFSET $5
prisma:query SELECT "public"."role_permissions"."id", "public"."role_permissions"."roleId", "public"."role_permissions"."permissionId" FROM "public"."role_permissions" WHERE "public"."role_permissions"."id" = $1 LIMIT $2 OFFSET $3
prisma:query COMMIT
prisma:query BEGIN
prisma:query SELECT "public"."role_permissions"."id" FROM "public"."role_permissions" WHERE (("public"."role_permissions"."roleId" = $1 AND "public"."role_permissions"."permissionId" = $2) AND 1=1) OFFSET $3
prisma:query SELECT "public"."role_permissions"."id", "public"."role_permissions"."roleId", "public"."role_permissions"."permissionId" FROM "public"."role_permissions" WHERE ("public"."role_permissions"."id" = $1 AND (("public"."role_permissions"."roleId" = $2 AND "public"."role_permissions"."permissionId" = $3) AND 1=1)) LIMIT $4 OFFSET $5
prisma:query SELECT "public"."role_permissions"."id", "public"."role_permissions"."roleId", "public"."role_permissions"."permissionId" FROM "public"."role_permissions" WHERE "public"."role_permissions"."id" = $1 LIMIT $2 OFFSET $3
prisma:query COMMIT
prisma:query BEGIN
prisma:query SELECT "public"."role_permissions"."id" FROM "public"."role_permissions" WHERE (("public"."role_permissions"."roleId" = $1 AND "public"."role_permissions"."permissionId" = $2) AND 1=1) OFFSET $3
prisma:query SELECT "public"."role_permissions"."id", "public"."role_permissions"."roleId", "public"."role_permissions"."permissionId" FROM "public"."role_permissions" WHERE ("public"."role_permissions"."id" = $1 AND (("public"."role_permissions"."roleId" = $2 AND "public"."role_permissions"."permissionId" = $3) AND 1=1)) LIMIT $4 OFFSET $5
prisma:query SELECT "public"."role_permissions"."id", "public"."role_permissions"."roleId", "public"."role_permissions"."permissionId" FROM "public"."role_permissions" WHERE "public"."role_permissions"."id" = $1 LIMIT $2 OFFSET $3
prisma:query COMMIT
prisma:query BEGIN
prisma:query SELECT "public"."role_permissions"."id" FROM "public"."role_permissions" WHERE (("public"."role_permissions"."roleId" = $1 AND "public"."role_permissions"."permissionId" = $2) AND 1=1) OFFSET $3
prisma:query SELECT "public"."role_permissions"."id", "public"."role_permissions"."roleId", "public"."role_permissions"."permissionId" FROM "public"."role_permissions" WHERE ("public"."role_permissions"."id" = $1 AND (("public"."role_permissions"."roleId" = $2 AND "public"."role_permissions"."permissionId" = $3) AND 1=1)) LIMIT $4 OFFSET $5
prisma:query SELECT "public"."role_permissions"."id", "public"."role_permissions"."roleId", "public"."role_permissions"."permissionId" FROM "public"."role_permissions" WHERE "public"."role_permissions"."id" = $1 LIMIT $2 OFFSET $3
prisma:query COMMIT
prisma:query BEGIN
prisma:query SELECT "public"."role_permissions"."id" FROM "public"."role_permissions" WHERE (("public"."role_permissions"."roleId" = $1 AND "public"."role_permissions"."permissionId" = $2) AND 1=1) OFFSET $3
prisma:query SELECT "public"."role_permissions"."id", "public"."role_permissions"."roleId", "public"."role_permissions"."permissionId" FROM "public"."role_permissions" WHERE ("public"."role_permissions"."id" = $1 AND (("public"."role_permissions"."roleId" = $2 AND "public"."role_permissions"."permissionId" = $3) AND 1=1)) LIMIT $4 OFFSET $5
prisma:query SELECT "public"."role_permissions"."id", "public"."role_permissions"."roleId", "public"."role_permissions"."permissionId" FROM "public"."role_permissions" WHERE "public"."role_permissions"."id" = $1 LIMIT $2 OFFSET $3
prisma:query COMMIT
prisma:query BEGIN
prisma:query SELECT "public"."role_permissions"."id" FROM "public"."role_permissions" WHERE (("public"."role_permissions"."roleId" = $1 AND "public"."role_permissions"."permissionId" = $2) AND 1=1) OFFSET $3
prisma:query SELECT "public"."role_permissions"."id", "public"."role_permissions"."roleId", "public"."role_permissions"."permissionId" FROM "public"."role_permissions" WHERE ("public"."role_permissions"."id" = $1 AND (("public"."role_permissions"."roleId" = $2 AND "public"."role_permissions"."permissionId" = $3) AND 1=1)) LIMIT $4 OFFSET $5
prisma:query SELECT "public"."role_permissions"."id", "public"."role_permissions"."roleId", "public"."role_permissions"."permissionId" FROM "public"."role_permissions" WHERE "public"."role_permissions"."id" = $1 LIMIT $2 OFFSET $3
prisma:query COMMIT
prisma:query BEGIN
prisma:query SELECT "public"."role_permissions"."id" FROM "public"."role_permissions" WHERE (("public"."role_permissions"."roleId" = $1 AND "public"."role_permissions"."permissionId" = $2) AND 1=1) OFFSET $3
prisma:query SELECT "public"."role_permissions"."id", "public"."role_permissions"."roleId", "public"."role_permissions"."permissionId" FROM "public"."role_permissions" WHERE ("public"."role_permissions"."id" = $1 AND (("public"."role_permissions"."roleId" = $2 AND "public"."role_permissions"."permissionId" = $3) AND 1=1)) LIMIT $4 OFFSET $5
prisma:query SELECT "public"."role_permissions"."id", "public"."role_permissions"."roleId", "public"."role_permissions"."permissionId" FROM "public"."role_permissions" WHERE "public"."role_permissions"."id" = $1 LIMIT $2 OFFSET $3
prisma:query COMMIT
prisma:query BEGIN
prisma:query SELECT "public"."role_permissions"."id" FROM "public"."role_permissions" WHERE (("public"."role_permissions"."roleId" = $1 AND "public"."role_permissions"."permissionId" = $2) AND 1=1) OFFSET $3
prisma:query SELECT "public"."role_permissions"."id", "public"."role_permissions"."roleId", "public"."role_permissions"."permissionId" FROM "public"."role_permissions" WHERE ("public"."role_permissions"."id" = $1 AND (("public"."role_permissions"."roleId" = $2 AND "public"."role_permissions"."permissionId" = $3) AND 1=1)) LIMIT $4 OFFSET $5
prisma:query SELECT "public"."role_permissions"."id", "public"."role_permissions"."roleId", "public"."role_permissions"."permissionId" FROM "public"."role_permissions" WHERE "public"."role_permissions"."id" = $1 LIMIT $2 OFFSET $3
prisma:query COMMIT
prisma:query BEGIN
prisma:query SELECT "public"."role_permissions"."id" FROM "public"."role_permissions" WHERE (("public"."role_permissions"."roleId" = $1 AND "public"."role_permissions"."permissionId" = $2) AND 1=1) OFFSET $3
prisma:query SELECT "public"."role_permissions"."id", "public"."role_permissions"."roleId", "public"."role_permissions"."permissionId" FROM "public"."role_permissions" WHERE ("public"."role_permissions"."id" = $1 AND (("public"."role_permissions"."roleId" = $2 AND "public"."role_permissions"."permissionId" = $3) AND 1=1)) LIMIT $4 OFFSET $5
prisma:query SELECT "public"."role_permissions"."id", "public"."role_permissions"."roleId", "public"."role_permissions"."permissionId" FROM "public"."role_permissions" WHERE "public"."role_permissions"."id" = $1 LIMIT $2 OFFSET $3
prisma:query COMMIT
prisma:query BEGIN
prisma:query SELECT "public"."role_permissions"."id" FROM "public"."role_permissions" WHERE (("public"."role_permissions"."roleId" = $1 AND "public"."role_permissions"."permissionId" = $2) AND 1=1) OFFSET $3
prisma:query SELECT "public"."role_permissions"."id", "public"."role_permissions"."roleId", "public"."role_permissions"."permissionId" FROM "public"."role_permissions" WHERE ("public"."role_permissions"."id" = $1 AND (("public"."role_permissions"."roleId" = $2 AND "public"."role_permissions"."permissionId" = $3) AND 1=1)) LIMIT $4 OFFSET $5
prisma:query SELECT "public"."role_permissions"."id", "public"."role_permissions"."roleId", "public"."role_permissions"."permissionId" FROM "public"."role_permissions" WHERE "public"."role_permissions"."id" = $1 LIMIT $2 OFFSET $3
prisma:query COMMIT
prisma:query BEGIN
prisma:query SELECT "public"."role_permissions"."id" FROM "public"."role_permissions" WHERE (("public"."role_permissions"."roleId" = $1 AND "public"."role_permissions"."permissionId" = $2) AND 1=1) OFFSET $3
prisma:query SELECT "public"."role_permissions"."id", "public"."role_permissions"."roleId", "public"."role_permissions"."permissionId" FROM "public"."role_permissions" WHERE ("public"."role_permissions"."id" = $1 AND (("public"."role_permissions"."roleId" = $2 AND "public"."role_permissions"."permissionId" = $3) AND 1=1)) LIMIT $4 OFFSET $5
prisma:query SELECT "public"."role_permissions"."id", "public"."role_permissions"."roleId", "public"."role_permissions"."permissionId" FROM "public"."role_permissions" WHERE "public"."role_permissions"."id" = $1 LIMIT $2 OFFSET $3
prisma:query COMMIT
prisma:query BEGIN
prisma:query SELECT "public"."role_permissions"."id" FROM "public"."role_permissions" WHERE (("public"."role_permissions"."roleId" = $1 AND "public"."role_permissions"."permissionId" = $2) AND 1=1) OFFSET $3
prisma:query SELECT "public"."role_permissions"."id", "public"."role_permissions"."roleId", "public"."role_permissions"."permissionId" FROM "public"."role_permissions" WHERE ("public"."role_permissions"."id" = $1 AND (("public"."role_permissions"."roleId" = $2 AND "public"."role_permissions"."permissionId" = $3) AND 1=1)) LIMIT $4 OFFSET $5
prisma:query SELECT "public"."role_permissions"."id", "public"."role_permissions"."roleId", "public"."role_permissions"."permissionId" FROM "public"."role_permissions" WHERE "public"."role_permissions"."id" = $1 LIMIT $2 OFFSET $3
prisma:query COMMIT
prisma:query BEGIN
prisma:query SELECT "public"."role_permissions"."id" FROM "public"."role_permissions" WHERE (("public"."role_permissions"."roleId" = $1 AND "public"."role_permissions"."permissionId" = $2) AND 1=1) OFFSET $3
prisma:query SELECT "public"."role_permissions"."id", "public"."role_permissions"."roleId", "public"."role_permissions"."permissionId" FROM "public"."role_permissions" WHERE ("public"."role_permissions"."id" = $1 AND (("public"."role_permissions"."roleId" = $2 AND "public"."role_permissions"."permissionId" = $3) AND 1=1)) LIMIT $4 OFFSET $5
prisma:query SELECT "public"."role_permissions"."id", "public"."role_permissions"."roleId", "public"."role_permissions"."permissionId" FROM "public"."role_permissions" WHERE "public"."role_permissions"."id" = $1 LIMIT $2 OFFSET $3
prisma:query COMMIT
prisma:query BEGIN
prisma:query SELECT "public"."role_permissions"."id" FROM "public"."role_permissions" WHERE (("public"."role_permissions"."roleId" = $1 AND "public"."role_permissions"."permissionId" = $2) AND 1=1) OFFSET $3
prisma:query SELECT "public"."role_permissions"."id", "public"."role_permissions"."roleId", "public"."role_permissions"."permissionId" FROM "public"."role_permissions" WHERE ("public"."role_permissions"."id" = $1 AND (("public"."role_permissions"."roleId" = $2 AND "public"."role_permissions"."permissionId" = $3) AND 1=1)) LIMIT $4 OFFSET $5
prisma:query SELECT "public"."role_permissions"."id", "public"."role_permissions"."roleId", "public"."role_permissions"."permissionId" FROM "public"."role_permissions" WHERE "public"."role_permissions"."id" = $1 LIMIT $2 OFFSET $3
prisma:query COMMIT
prisma:query BEGIN
prisma:query SELECT "public"."role_permissions"."id" FROM "public"."role_permissions" WHERE (("public"."role_permissions"."roleId" = $1 AND "public"."role_permissions"."permissionId" = $2) AND 1=1) OFFSET $3
prisma:query SELECT "public"."role_permissions"."id", "public"."role_permissions"."roleId", "public"."role_permissions"."permissionId" FROM "public"."role_permissions" WHERE ("public"."role_permissions"."id" = $1 AND (("public"."role_permissions"."roleId" = $2 AND "public"."role_permissions"."permissionId" = $3) AND 1=1)) LIMIT $4 OFFSET $5
prisma:query SELECT "public"."role_permissions"."id", "public"."role_permissions"."roleId", "public"."role_permissions"."permissionId" FROM "public"."role_permissions" WHERE "public"."role_permissions"."id" = $1 LIMIT $2 OFFSET $3
prisma:query COMMIT
prisma:query BEGIN
prisma:query SELECT "public"."role_permissions"."id" FROM "public"."role_permissions" WHERE (("public"."role_permissions"."roleId" = $1 AND "public"."role_permissions"."permissionId" = $2) AND 1=1) OFFSET $3
prisma:query SELECT "public"."role_permissions"."id", "public"."role_permissions"."roleId", "public"."role_permissions"."permissionId" FROM "public"."role_permissions" WHERE ("public"."role_permissions"."id" = $1 AND (("public"."role_permissions"."roleId" = $2 AND "public"."role_permissions"."permissionId" = $3) AND 1=1)) LIMIT $4 OFFSET $5
prisma:query SELECT "public"."role_permissions"."id", "public"."role_permissions"."roleId", "public"."role_permissions"."permissionId" FROM "public"."role_permissions" WHERE "public"."role_permissions"."id" = $1 LIMIT $2 OFFSET $3
prisma:query COMMIT
prisma:query BEGIN
prisma:query SELECT "public"."role_permissions"."id" FROM "public"."role_permissions" WHERE (("public"."role_permissions"."roleId" = $1 AND "public"."role_permissions"."permissionId" = $2) AND 1=1) OFFSET $3
prisma:query SELECT "public"."role_permissions"."id", "public"."role_permissions"."roleId", "public"."role_permissions"."permissionId" FROM "public"."role_permissions" WHERE ("public"."role_permissions"."id" = $1 AND (("public"."role_permissions"."roleId" = $2 AND "public"."role_permissions"."permissionId" = $3) AND 1=1)) LIMIT $4 OFFSET $5
prisma:query SELECT "public"."role_permissions"."id", "public"."role_permissions"."roleId", "public"."role_permissions"."permissionId" FROM "public"."role_permissions" WHERE "public"."role_permissions"."id" = $1 LIMIT $2 OFFSET $3
prisma:query COMMIT
prisma:query BEGIN
prisma:query SELECT "public"."role_permissions"."id" FROM "public"."role_permissions" WHERE (("public"."role_permissions"."roleId" = $1 AND "public"."role_permissions"."permissionId" = $2) AND 1=1) OFFSET $3
prisma:query SELECT "public"."role_permissions"."id", "public"."role_permissions"."roleId", "public"."role_permissions"."permissionId" FROM "public"."role_permissions" WHERE ("public"."role_permissions"."id" = $1 AND (("public"."role_permissions"."roleId" = $2 AND "public"."role_permissions"."permissionId" = $3) AND 1=1)) LIMIT $4 OFFSET $5
prisma:query SELECT "public"."role_permissions"."id", "public"."role_permissions"."roleId", "public"."role_permissions"."permissionId" FROM "public"."role_permissions" WHERE "public"."role_permissions"."id" = $1 LIMIT $2 OFFSET $3
prisma:query COMMIT
prisma:query BEGIN
prisma:query SELECT "public"."role_permissions"."id" FROM "public"."role_permissions" WHERE (("public"."role_permissions"."roleId" = $1 AND "public"."role_permissions"."permissionId" = $2) AND 1=1) OFFSET $3
prisma:query SELECT "public"."role_permissions"."id", "public"."role_permissions"."roleId", "public"."role_permissions"."permissionId" FROM "public"."role_permissions" WHERE ("public"."role_permissions"."id" = $1 AND (("public"."role_permissions"."roleId" = $2 AND "public"."role_permissions"."permissionId" = $3) AND 1=1)) LIMIT $4 OFFSET $5
prisma:query SELECT "public"."role_permissions"."id", "public"."role_permissions"."roleId", "public"."role_permissions"."permissionId" FROM "public"."role_permissions" WHERE "public"."role_permissions"."id" = $1 LIMIT $2 OFFSET $3
prisma:query COMMIT
prisma:query BEGIN
prisma:query SELECT "public"."role_permissions"."id" FROM "public"."role_permissions" WHERE (("public"."role_permissions"."roleId" = $1 AND "public"."role_permissions"."permissionId" = $2) AND 1=1) OFFSET $3
prisma:query SELECT "public"."role_permissions"."id", "public"."role_permissions"."roleId", "public"."role_permissions"."permissionId" FROM "public"."role_permissions" WHERE ("public"."role_permissions"."id" = $1 AND (("public"."role_permissions"."roleId" = $2 AND "public"."role_permissions"."permissionId" = $3) AND 1=1)) LIMIT $4 OFFSET $5
prisma:query SELECT "public"."role_permissions"."id", "public"."role_permissions"."roleId", "public"."role_permissions"."permissionId" FROM "public"."role_permissions" WHERE "public"."role_permissions"."id" = $1 LIMIT $2 OFFSET $3
prisma:query COMMIT
prisma:query SELECT "public"."permissions"."id", "public"."permissions"."name", "public"."permissions"."key", "public"."permissions"."description", "public"."permissions"."module", "public"."permissions"."createdAt", "public"."permissions"."updatedAt" FROM "public"."permissions" WHERE "public"."permissions"."key" IN ($1,$2,$3,$4,$5,$6,$7,$8,$9,$10,$11) OFFSET $12
prisma:query BEGIN
prisma:query SELECT "public"."role_permissions"."id" FROM "public"."role_permissions" WHERE (("public"."role_permissions"."roleId" = $1 AND "public"."role_permissions"."permissionId" = $2) AND 1=1) OFFSET $3
prisma:query SELECT "public"."role_permissions"."id", "public"."role_permissions"."roleId", "public"."role_permissions"."permissionId" FROM "public"."role_permissions" WHERE ("public"."role_permissions"."id" = $1 AND (("public"."role_permissions"."roleId" = $2 AND "public"."role_permissions"."permissionId" = $3) AND 1=1)) LIMIT $4 OFFSET $5
prisma:query SELECT "public"."role_permissions"."id", "public"."role_permissions"."roleId", "public"."role_permissions"."permissionId" FROM "public"."role_permissions" WHERE "public"."role_permissions"."id" = $1 LIMIT $2 OFFSET $3
prisma:query COMMIT
prisma:query BEGIN
prisma:query SELECT "public"."role_permissions"."id" FROM "public"."role_permissions" WHERE (("public"."role_permissions"."roleId" = $1 AND "public"."role_permissions"."permissionId" = $2) AND 1=1) OFFSET $3
prisma:query SELECT "public"."role_permissions"."id", "public"."role_permissions"."roleId", "public"."role_permissions"."permissionId" FROM "public"."role_permissions" WHERE ("public"."role_permissions"."id" = $1 AND (("public"."role_permissions"."roleId" = $2 AND "public"."role_permissions"."permissionId" = $3) AND 1=1)) LIMIT $4 OFFSET $5
prisma:query SELECT "public"."role_permissions"."id", "public"."role_permissions"."roleId", "public"."role_permissions"."permissionId" FROM "public"."role_permissions" WHERE "public"."role_permissions"."id" = $1 LIMIT $2 OFFSET $3
prisma:query COMMIT
prisma:query BEGIN
prisma:query SELECT "public"."role_permissions"."id" FROM "public"."role_permissions" WHERE (("public"."role_permissions"."roleId" = $1 AND "public"."role_permissions"."permissionId" = $2) AND 1=1) OFFSET $3
prisma:query SELECT "public"."role_permissions"."id", "public"."role_permissions"."roleId", "public"."role_permissions"."permissionId" FROM "public"."role_permissions" WHERE ("public"."role_permissions"."id" = $1 AND (("public"."role_permissions"."roleId" = $2 AND "public"."role_permissions"."permissionId" = $3) AND 1=1)) LIMIT $4 OFFSET $5
prisma:query SELECT "public"."role_permissions"."id", "public"."role_permissions"."roleId", "public"."role_permissions"."permissionId" FROM "public"."role_permissions" WHERE "public"."role_permissions"."id" = $1 LIMIT $2 OFFSET $3
prisma:query COMMIT
prisma:query BEGIN
prisma:query SELECT "public"."role_permissions"."id" FROM "public"."role_permissions" WHERE (("public"."role_permissions"."roleId" = $1 AND "public"."role_permissions"."permissionId" = $2) AND 1=1) OFFSET $3
prisma:query SELECT "public"."role_permissions"."id", "public"."role_permissions"."roleId", "public"."role_permissions"."permissionId" FROM "public"."role_permissions" WHERE ("public"."role_permissions"."id" = $1 AND (("public"."role_permissions"."roleId" = $2 AND "public"."role_permissions"."permissionId" = $3) AND 1=1)) LIMIT $4 OFFSET $5
prisma:query SELECT "public"."role_permissions"."id", "public"."role_permissions"."roleId", "public"."role_permissions"."permissionId" FROM "public"."role_permissions" WHERE "public"."role_permissions"."id" = $1 LIMIT $2 OFFSET $3
prisma:query COMMIT
prisma:query BEGIN
prisma:query SELECT "public"."role_permissions"."id" FROM "public"."role_permissions" WHERE (("public"."role_permissions"."roleId" = $1 AND "public"."role_permissions"."permissionId" = $2) AND 1=1) OFFSET $3
prisma:query SELECT "public"."role_permissions"."id", "public"."role_permissions"."roleId", "public"."role_permissions"."permissionId" FROM "public"."role_permissions" WHERE ("public"."role_permissions"."id" = $1 AND (("public"."role_permissions"."roleId" = $2 AND "public"."role_permissions"."permissionId" = $3) AND 1=1)) LIMIT $4 OFFSET $5
prisma:query SELECT "public"."role_permissions"."id", "public"."role_permissions"."roleId", "public"."role_permissions"."permissionId" FROM "public"."role_permissions" WHERE "public"."role_permissions"."id" = $1 LIMIT $2 OFFSET $3
prisma:query COMMIT
prisma:query BEGIN
prisma:query SELECT "public"."role_permissions"."id" FROM "public"."role_permissions" WHERE (("public"."role_permissions"."roleId" = $1 AND "public"."role_permissions"."permissionId" = $2) AND 1=1) OFFSET $3
prisma:query SELECT "public"."role_permissions"."id", "public"."role_permissions"."roleId", "public"."role_permissions"."permissionId" FROM "public"."role_permissions" WHERE ("public"."role_permissions"."id" = $1 AND (("public"."role_permissions"."roleId" = $2 AND "public"."role_permissions"."permissionId" = $3) AND 1=1)) LIMIT $4 OFFSET $5
prisma:query SELECT "public"."role_permissions"."id", "public"."role_permissions"."roleId", "public"."role_permissions"."permissionId" FROM "public"."role_permissions" WHERE "public"."role_permissions"."id" = $1 LIMIT $2 OFFSET $3
prisma:query COMMIT
prisma:query BEGIN
prisma:query SELECT "public"."role_permissions"."id" FROM "public"."role_permissions" WHERE (("public"."role_permissions"."roleId" = $1 AND "public"."role_permissions"."permissionId" = $2) AND 1=1) OFFSET $3
prisma:query SELECT "public"."role_permissions"."id", "public"."role_permissions"."roleId", "public"."role_permissions"."permissionId" FROM "public"."role_permissions" WHERE ("public"."role_permissions"."id" = $1 AND (("public"."role_permissions"."roleId" = $2 AND "public"."role_permissions"."permissionId" = $3) AND 1=1)) LIMIT $4 OFFSET $5
prisma:query SELECT "public"."role_permissions"."id", "public"."role_permissions"."roleId", "public"."role_permissions"."permissionId" FROM "public"."role_permissions" WHERE "public"."role_permissions"."id" = $1 LIMIT $2 OFFSET $3
prisma:query COMMIT
prisma:query BEGIN
prisma:query SELECT "public"."role_permissions"."id" FROM "public"."role_permissions" WHERE (("public"."role_permissions"."roleId" = $1 AND "public"."role_permissions"."permissionId" = $2) AND 1=1) OFFSET $3
prisma:query SELECT "public"."role_permissions"."id", "public"."role_permissions"."roleId", "public"."role_permissions"."permissionId" FROM "public"."role_permissions" WHERE ("public"."role_permissions"."id" = $1 AND (("public"."role_permissions"."roleId" = $2 AND "public"."role_permissions"."permissionId" = $3) AND 1=1)) LIMIT $4 OFFSET $5
prisma:query SELECT "public"."role_permissions"."id", "public"."role_permissions"."roleId", "public"."role_permissions"."permissionId" FROM "public"."role_permissions" WHERE "public"."role_permissions"."id" = $1 LIMIT $2 OFFSET $3
prisma:query COMMIT
prisma:query BEGIN
prisma:query SELECT "public"."role_permissions"."id" FROM "public"."role_permissions" WHERE (("public"."role_permissions"."roleId" = $1 AND "public"."role_permissions"."permissionId" = $2) AND 1=1) OFFSET $3
prisma:query SELECT "public"."role_permissions"."id", "public"."role_permissions"."roleId", "public"."role_permissions"."permissionId" FROM "public"."role_permissions" WHERE ("public"."role_permissions"."id" = $1 AND (("public"."role_permissions"."roleId" = $2 AND "public"."role_permissions"."permissionId" = $3) AND 1=1)) LIMIT $4 OFFSET $5
prisma:query SELECT "public"."role_permissions"."id", "public"."role_permissions"."roleId", "public"."role_permissions"."permissionId" FROM "public"."role_permissions" WHERE "public"."role_permissions"."id" = $1 LIMIT $2 OFFSET $3
prisma:query COMMIT
prisma:query BEGIN
prisma:query SELECT "public"."role_permissions"."id" FROM "public"."role_permissions" WHERE (("public"."role_permissions"."roleId" = $1 AND "public"."role_permissions"."permissionId" = $2) AND 1=1) OFFSET $3
prisma:query SELECT "public"."role_permissions"."id", "public"."role_permissions"."roleId", "public"."role_permissions"."permissionId" FROM "public"."role_permissions" WHERE ("public"."role_permissions"."id" = $1 AND (("public"."role_permissions"."roleId" = $2 AND "public"."role_permissions"."permissionId" = $3) AND 1=1)) LIMIT $4 OFFSET $5
prisma:query SELECT "public"."role_permissions"."id", "public"."role_permissions"."roleId", "public"."role_permissions"."permissionId" FROM "public"."role_permissions" WHERE "public"."role_permissions"."id" = $1 LIMIT $2 OFFSET $3
prisma:query COMMIT
prisma:query BEGIN
prisma:query SELECT "public"."role_permissions"."id" FROM "public"."role_permissions" WHERE (("public"."role_permissions"."roleId" = $1 AND "public"."role_permissions"."permissionId" = $2) AND 1=1) OFFSET $3
prisma:query SELECT "public"."role_permissions"."id", "public"."role_permissions"."roleId", "public"."role_permissions"."permissionId" FROM "public"."role_permissions" WHERE ("public"."role_permissions"."id" = $1 AND (("public"."role_permissions"."roleId" = $2 AND "public"."role_permissions"."permissionId" = $3) AND 1=1)) LIMIT $4 OFFSET $5
prisma:query SELECT "public"."role_permissions"."id", "public"."role_permissions"."roleId", "public"."role_permissions"."permissionId" FROM "public"."role_permissions" WHERE "public"."role_permissions"."id" = $1 LIMIT $2 OFFSET $3
prisma:query COMMIT
prisma:query INSERT INTO "public"."users" ("email","password","firstName","lastName","isActive","createdAt","updatedAt","emailVerified","emailVerifiedAt","failedLoginAttempts","twoFactorEnabled") VALUES ($1,$2,$3,$4,$5,$6,$7,$8,$9,$10,$11) ON CONFLICT ("email") DO UPDATE SET "email" = $12, "password" = $13, "firstName" = $14, "lastName" = $15, "emailVerified" = $16, "emailVerifiedAt" = $17, "updatedAt" = $18 WHERE ("public"."users"."email" = $19 AND 1=1) RETURNING "public"."users"."id", "public"."users"."email", "public"."users"."password", "public"."users"."firstName", "public"."users"."lastName", "public"."users"."isActive", "public"."users"."lastLogin", "public"."users"."createdAt", "public"."users"."updatedAt", "public"."users"."profilePicture", "public"."users"."companyId", "public"."users"."deletedAt", "public"."users"."accountLockedUntil", "public"."users"."emailVerificationToken", "public"."users"."emailVerified", "public"."users"."emailVerifiedAt", "public"."users"."failedLoginAttempts", "public"."users"."passwordResetExpires", "public"."users"."passwordResetToken", "public"."users"."twoFactorEnabled", "public"."users"."twoFactorSecret"
prisma:query BEGIN
prisma:query SELECT "public"."user_roles"."id" FROM "public"."user_roles" WHERE (("public"."user_roles"."userId" = $1 AND "public"."user_roles"."roleId" = $2) AND 1=1) OFFSET $3
prisma:query SELECT "public"."user_roles"."id", "public"."user_roles"."userId", "public"."user_roles"."roleId" FROM "public"."user_roles" WHERE ("public"."user_roles"."id" = $1 AND (("public"."user_roles"."userId" = $2 AND "public"."user_roles"."roleId" = $3) AND 1=1)) LIMIT $4 OFFSET $5
prisma:query SELECT "public"."user_roles"."id", "public"."user_roles"."userId", "public"."user_roles"."roleId" FROM "public"."user_roles" WHERE "public"."user_roles"."id" = $1 LIMIT $2 OFFSET $3
prisma:query COMMIT
prisma:query INSERT INTO "public"."lead_sources" ("name","description","isActive","createdAt","updatedAt") VALUES ($1,$2,$3,$4,$5) ON CONFLICT ("name") DO UPDATE SET "name" = $6, "description" = $7, "updatedAt" = $8 WHERE ("public"."lead_sources"."name" = $9 AND 1=1) RETURNING "public"."lead_sources"."id", "public"."lead_sources"."name", "public"."lead_sources"."description", "public"."lead_sources"."isActive", "public"."lead_sources"."createdAt", "public"."lead_sources"."updatedAt", "public"."lead_sources"."companyId"
prisma:query INSERT INTO "public"."lead_sources" ("name","description","isActive","createdAt","updatedAt") VALUES ($1,$2,$3,$4,$5) ON CONFLICT ("name") DO UPDATE SET "name" = $6, "description" = $7, "updatedAt" = $8 WHERE ("public"."lead_sources"."name" = $9 AND 1=1) RETURNING "public"."lead_sources"."id", "public"."lead_sources"."name", "public"."lead_sources"."description", "public"."lead_sources"."isActive", "public"."lead_sources"."createdAt", "public"."lead_sources"."updatedAt", "public"."lead_sources"."companyId"
prisma:query INSERT INTO "public"."lead_sources" ("name","description","isActive","createdAt","updatedAt") VALUES ($1,$2,$3,$4,$5) ON CONFLICT ("name") DO UPDATE SET "name" = $6, "description" = $7, "updatedAt" = $8 WHERE ("public"."lead_sources"."name" = $9 AND 1=1) RETURNING "public"."lead_sources"."id", "public"."lead_sources"."name", "public"."lead_sources"."description", "public"."lead_sources"."isActive", "public"."lead_sources"."createdAt", "public"."lead_sources"."updatedAt", "public"."lead_sources"."companyId"
prisma:query INSERT INTO "public"."lead_sources" ("name","description","isActive","createdAt","updatedAt") VALUES ($1,$2,$3,$4,$5) ON CONFLICT ("name") DO UPDATE SET "name" = $6, "description" = $7, "updatedAt" = $8 WHERE ("public"."lead_sources"."name" = $9 AND 1=1) RETURNING "public"."lead_sources"."id", "public"."lead_sources"."name", "public"."lead_sources"."description", "public"."lead_sources"."isActive", "public"."lead_sources"."createdAt", "public"."lead_sources"."updatedAt", "public"."lead_sources"."companyId"
prisma:query INSERT INTO "public"."lead_sources" ("name","description","isActive","createdAt","updatedAt") VALUES ($1,$2,$3,$4,$5) ON CONFLICT ("name") DO UPDATE SET "name" = $6, "description" = $7, "updatedAt" = $8 WHERE ("public"."lead_sources"."name" = $9 AND 1=1) RETURNING "public"."lead_sources"."id", "public"."lead_sources"."name", "public"."lead_sources"."description", "public"."lead_sources"."isActive", "public"."lead_sources"."createdAt", "public"."lead_sources"."updatedAt", "public"."lead_sources"."companyId"
prisma:query INSERT INTO "public"."lead_sources" ("name","description","isActive","createdAt","updatedAt") VALUES ($1,$2,$3,$4,$5) ON CONFLICT ("name") DO UPDATE SET "name" = $6, "description" = $7, "updatedAt" = $8 WHERE ("public"."lead_sources"."name" = $9 AND 1=1) RETURNING "public"."lead_sources"."id", "public"."lead_sources"."name", "public"."lead_sources"."description", "public"."lead_sources"."isActive", "public"."lead_sources"."createdAt", "public"."lead_sources"."updatedAt", "public"."lead_sources"."companyId"
prisma:query INSERT INTO "public"."lead_sources" ("name","description","isActive","createdAt","updatedAt") VALUES ($1,$2,$3,$4,$5) ON CONFLICT ("name") DO UPDATE SET "name" = $6, "description" = $7, "updatedAt" = $8 WHERE ("public"."lead_sources"."name" = $9 AND 1=1) RETURNING "public"."lead_sources"."id", "public"."lead_sources"."name", "public"."lead_sources"."description", "public"."lead_sources"."isActive", "public"."lead_sources"."createdAt", "public"."lead_sources"."updatedAt", "public"."lead_sources"."companyId"
prisma:query INSERT INTO "public"."lead_sources" ("name","description","isActive","createdAt","updatedAt") VALUES ($1,$2,$3,$4,$5) ON CONFLICT ("name") DO UPDATE SET "name" = $6, "description" = $7, "updatedAt" = $8 WHERE ("public"."lead_sources"."name" = $9 AND 1=1) RETURNING "public"."lead_sources"."id", "public"."lead_sources"."name", "public"."lead_sources"."description", "public"."lead_sources"."isActive", "public"."lead_sources"."createdAt", "public"."lead_sources"."updatedAt", "public"."lead_sources"."companyId"
prisma:query INSERT INTO "public"."tags" ("name","color","description","isActive","createdAt","updatedAt") VALUES ($1,$2,$3,$4,$5,$6) ON CONFLICT ("name") DO UPDATE SET "name" = $7, "color" = $8, "description" = $9, "updatedAt" = $10 WHERE ("public"."tags"."name" = $11 AND 1=1) RETURNING "public"."tags"."id", "public"."tags"."name", "public"."tags"."color", "public"."tags"."description", "public"."tags"."isActive", "public"."tags"."createdAt", "public"."tags"."updatedAt", "public"."tags"."companyId"
prisma:query INSERT INTO "public"."tags" ("name","color","description","isActive","createdAt","updatedAt") VALUES ($1,$2,$3,$4,$5,$6) ON CONFLICT ("name") DO UPDATE SET "name" = $7, "color" = $8, "description" = $9, "updatedAt" = $10 WHERE ("public"."tags"."name" = $11 AND 1=1) RETURNING "public"."tags"."id", "public"."tags"."name", "public"."tags"."color", "public"."tags"."description", "public"."tags"."isActive", "public"."tags"."createdAt", "public"."tags"."updatedAt", "public"."tags"."companyId"
prisma:query INSERT INTO "public"."tags" ("name","color","description","isActive","createdAt","updatedAt") VALUES ($1,$2,$3,$4,$5,$6) ON CONFLICT ("name") DO UPDATE SET "name" = $7, "color" = $8, "description" = $9, "updatedAt" = $10 WHERE ("public"."tags"."name" = $11 AND 1=1) RETURNING "public"."tags"."id", "public"."tags"."name", "public"."tags"."color", "public"."tags"."description", "public"."tags"."isActive", "public"."tags"."createdAt", "public"."tags"."updatedAt", "public"."tags"."companyId"
prisma:query INSERT INTO "public"."tags" ("name","color","description","isActive","createdAt","updatedAt") VALUES ($1,$2,$3,$4,$5,$6) ON CONFLICT ("name") DO UPDATE SET "name" = $7, "color" = $8, "description" = $9, "updatedAt" = $10 WHERE ("public"."tags"."name" = $11 AND 1=1) RETURNING "public"."tags"."id", "public"."tags"."name", "public"."tags"."color", "public"."tags"."description", "public"."tags"."isActive", "public"."tags"."createdAt", "public"."tags"."updatedAt", "public"."tags"."companyId"
prisma:query INSERT INTO "public"."tags" ("name","color","description","isActive","createdAt","updatedAt") VALUES ($1,$2,$3,$4,$5,$6) ON CONFLICT ("name") DO UPDATE SET "name" = $7, "color" = $8, "description" = $9, "updatedAt" = $10 WHERE ("public"."tags"."name" = $11 AND 1=1) RETURNING "public"."tags"."id", "public"."tags"."name", "public"."tags"."color", "public"."tags"."description", "public"."tags"."isActive", "public"."tags"."createdAt", "public"."tags"."updatedAt", "public"."tags"."companyId"
prisma:query INSERT INTO "public"."tags" ("name","color","description","isActive","createdAt","updatedAt") VALUES ($1,$2,$3,$4,$5,$6) ON CONFLICT ("name") DO UPDATE SET "name" = $7, "color" = $8, "description" = $9, "updatedAt" = $10 WHERE ("public"."tags"."name" = $11 AND 1=1) RETURNING "public"."tags"."id", "public"."tags"."name", "public"."tags"."color", "public"."tags"."description", "public"."tags"."isActive", "public"."tags"."createdAt", "public"."tags"."updatedAt", "public"."tags"."companyId"
prisma:query INSERT INTO "public"."tags" ("name","color","description","isActive","createdAt","updatedAt") VALUES ($1,$2,$3,$4,$5,$6) ON CONFLICT ("name") DO UPDATE SET "name" = $7, "color" = $8, "description" = $9, "updatedAt" = $10 WHERE ("public"."tags"."name" = $11 AND 1=1) RETURNING "public"."tags"."id", "public"."tags"."name", "public"."tags"."color", "public"."tags"."description", "public"."tags"."isActive", "public"."tags"."createdAt", "public"."tags"."updatedAt", "public"."tags"."companyId"
prisma:query INSERT INTO "public"."tags" ("name","color","description","isActive","createdAt","updatedAt") VALUES ($1,$2,$3,$4,$5,$6) ON CONFLICT ("name") DO UPDATE SET "name" = $7, "color" = $8, "description" = $9, "updatedAt" = $10 WHERE ("public"."tags"."name" = $11 AND 1=1) RETURNING "public"."tags"."id", "public"."tags"."name", "public"."tags"."color", "public"."tags"."description", "public"."tags"."isActive", "public"."tags"."createdAt", "public"."tags"."updatedAt", "public"."tags"."companyId"
🔧 Seeding business settings...
ℹ️  Business settings already exist, skipping...
✅ Initial data seeded successfully
Initializing Integration Scheduler...
prisma:query SELECT "public"."business_settings"."id", "public"."business_settings"."companyName", "public"."business_settings"."companyEmail", "public"."business_settings"."companyPhone", "public"."business_settings"."companyAddress", "public"."business_settings"."companyWebsite", "public"."business_settings"."companyLogo", "public"."business_settings"."timeZone", "public"."business_settings"."dateFormat", "public"."business_settings"."currency", "public"."business_settings"."passwordMinLength", "public"."business_settings"."passwordRequireUpper", "public"."business_settings"."passwordRequireLower", "public"."business_settings"."passwordRequireNumber", "public"."business_settings"."passwordRequireSymbol", "public"."business_settings"."sessionTimeout", "public"."business_settings"."maxLoginAttempts", "public"."business_settings"."accountLockDuration", "public"."business_settings"."twoFactorRequired", "public"."business_settings"."emailVerificationRequired", "public"."business_settings"."createdAt", "public"."business_settings"."updatedAt", "public"."business_settings"."leadAutoAssignmentEnabled", "public"."business_settings"."leadFollowUpReminderDays", "public"."business_settings"."metaAdsApiKey", "public"."business_settings"."metaAdsApiSecret", "public"."business_settings"."metaAdsEnabled", "public"."business_settings"."indiamartApiKey", "public"."business_settings"."indiamartApiSecret", "public"."business_settings"."indiamartEnabled", "public"."business_settings"."tradindiaApiKey", "public"."business_settings"."tradindiaApiSecret", "public"."business_settings"."tradindiaEnabled" FROM "public"."business_settings" WHERE 1=1 LIMIT $1 OFFSET $2
Initialized 0 integrations
prisma:query SELECT "public"."business_settings"."id", "public"."business_settings"."companyName", "public"."business_settings"."companyEmail", "public"."business_settings"."companyPhone", "public"."business_settings"."companyAddress", "public"."business_settings"."companyWebsite", "public"."business_settings"."companyLogo", "public"."business_settings"."timeZone", "public"."business_settings"."dateFormat", "public"."business_settings"."currency", "public"."business_settings"."passwordMinLength", "public"."business_settings"."passwordRequireUpper", "public"."business_settings"."passwordRequireLower", "public"."business_settings"."passwordRequireNumber", "public"."business_settings"."passwordRequireSymbol", "public"."business_settings"."sessionTimeout", "public"."business_settings"."maxLoginAttempts", "public"."business_settings"."accountLockDuration", "public"."business_settings"."twoFactorRequired", "public"."business_settings"."emailVerificationRequired", "public"."business_settings"."createdAt", "public"."business_settings"."updatedAt", "public"."business_settings"."leadAutoAssignmentEnabled", "public"."business_settings"."leadFollowUpReminderDays", "public"."business_settings"."metaAdsApiKey", "public"."business_settings"."metaAdsApiSecret", "public"."business_settings"."metaAdsEnabled", "public"."business_settings"."indiamartApiKey", "public"."business_settings"."indiamartApiSecret", "public"."business_settings"."indiamartEnabled", "public"."business_settings"."tradindiaApiKey", "public"."business_settings"."tradindiaApiSecret", "public"."business_settings"."tradindiaEnabled" FROM "public"."business_settings" WHERE 1=1 LIMIT $1 OFFSET $2
Integration Scheduler initialized with 0 integrations
🔄 Integration Scheduler initialized for automatic lead syncing
Uncaught Exception: Error: listen EADDRINUSE: address already in use 0.0.0.0:3001
    at Server.setupListenHandle [as _listen2] (node:net:1940:16)
    at listenInCluster (node:net:1997:12)
    at node:net:2206:7
    at processTicksAndRejections (node:internal/process/task_queues:90:21) {
  code: 'EADDRINUSE',
  errno: -98,
  syscall: 'listen',
  address: '0.0.0.0',
  port: 3001
}
