2025-11-13 16:53:45.017 IST [53432] LOG:  starting PostgreSQL 14.19 (Homebrew) on aarch64-apple-darwin24.4.0, compiled by Apple clang version 17.0.0 (clang-1700.0.13.3), 64-bit
2025-11-13 16:53:45.018 IST [53432] LOG:  could not bind IPv6 address "::1": Address already in use
2025-11-13 16:53:45.018 IST [53432] HINT:  Is another postmaster already running on port 5433? If not, wait a few seconds and retry.
2025-11-13 16:53:45.018 IST [53432] LOG:  could not bind IPv4 address "127.0.0.1": Address already in use
2025-11-13 16:53:45.018 IST [53432] HINT:  Is another postmaster already running on port 5433? If not, wait a few seconds and retry.
2025-11-13 16:53:45.018 IST [53432] WARNING:  could not create listen socket for "localhost"
2025-11-13 16:53:45.018 IST [53432] FATAL:  could not create any TCP/IP sockets
2025-11-13 16:53:45.018 IST [53432] LOG:  database system is shut down
2025-11-13 16:54:16.119 IST [54134] LOG:  starting PostgreSQL 14.19 (Homebrew) on aarch64-apple-darwin24.4.0, compiled by Apple clang version 17.0.0 (clang-1700.0.13.3), 64-bit
2025-11-13 16:54:16.122 IST [54134] LOG:  listening on IPv6 address "::1", port 5434
2025-11-13 16:54:16.122 IST [54134] LOG:  listening on IPv4 address "127.0.0.1", port 5434
2025-11-13 16:54:16.122 IST [54134] LOG:  listening on Unix socket "/tmp/.s.PGSQL.5434"
2025-11-13 16:54:16.125 IST [54135] LOG:  database system was shut down at 2025-11-13 16:53:39 IST
2025-11-13 16:54:16.127 IST [54134] LOG:  database system is ready to accept connections
2025-11-13 17:19:21.578 IST [88068] ERROR:  column users.dateOfBirth does not exist at character 299
2025-11-13 17:19:21.578 IST [88068] STATEMENT:  SELECT "public"."users"."id", "public"."users"."email", "public"."users"."password", "public"."users"."firstName", "public"."users"."lastName", "public"."users"."isActive", "public"."users"."lastLogin", "public"."users"."createdAt", "public"."users"."updatedAt", "public"."users"."profilePicture", "public"."users"."dateOfBirth", "public"."users"."companyId", "public"."users"."deletedAt", "public"."users"."accountLockedUntil", "public"."users"."emailVerificationToken", "public"."users"."emailVerified", "public"."users"."emailVerifiedAt", "public"."users"."failedLoginAttempts", "public"."users"."passwordResetExpires", "public"."users"."passwordResetToken", "public"."users"."twoFactorEnabled", "public"."users"."twoFactorSecret", "public"."users"."managerId" FROM "public"."users" WHERE ("public"."users"."email" = $1 AND 1=1) LIMIT $2 OFFSET $3
2025-11-13 17:19:21.673 IST [88068] ERROR:  column users.dateOfBirth does not exist at character 507
2025-11-13 17:19:21.673 IST [88068] STATEMENT:  INSERT INTO "public"."users" ("email","password","firstName","lastName","isActive","createdAt","updatedAt","emailVerified","failedLoginAttempts","twoFactorEnabled") VALUES ($1,$2,$3,$4,$5,$6,$7,$8,$9,$10) RETURNING "public"."users"."id", "public"."users"."email", "public"."users"."password", "public"."users"."firstName", "public"."users"."lastName", "public"."users"."isActive", "public"."users"."lastLogin", "public"."users"."createdAt", "public"."users"."updatedAt", "public"."users"."profilePicture", "public"."users"."dateOfBirth", "public"."users"."companyId", "public"."users"."deletedAt", "public"."users"."accountLockedUntil", "public"."users"."emailVerificationToken", "public"."users"."emailVerified", "public"."users"."emailVerifiedAt", "public"."users"."failedLoginAttempts", "public"."users"."passwordResetExpires", "public"."users"."passwordResetToken", "public"."users"."twoFactorEnabled", "public"."users"."twoFactorSecret", "public"."users"."managerId"
2025-11-13 17:22:31.605 IST [94060] ERROR:  permission denied to create database
2025-11-13 17:22:31.605 IST [94060] STATEMENT:  CREATE DATABASE "prisma_migrate_shadow_db_eb7eb0db-f8f7-41de-a9d2-470a78dddf23"
2025-11-13 17:23:20.541 IST [95323] ERROR:  column users.dateOfBirth does not exist at character 299
2025-11-13 17:23:20.541 IST [95323] STATEMENT:  SELECT "public"."users"."id", "public"."users"."email", "public"."users"."password", "public"."users"."firstName", "public"."users"."lastName", "public"."users"."isActive", "public"."users"."lastLogin", "public"."users"."createdAt", "public"."users"."updatedAt", "public"."users"."profilePicture", "public"."users"."dateOfBirth", "public"."users"."companyId", "public"."users"."deletedAt", "public"."users"."accountLockedUntil", "public"."users"."emailVerificationToken", "public"."users"."emailVerified", "public"."users"."emailVerifiedAt", "public"."users"."failedLoginAttempts", "public"."users"."passwordResetExpires", "public"."users"."passwordResetToken", "public"."users"."twoFactorEnabled", "public"."users"."twoFactorSecret", "public"."users"."managerId" FROM "public"."users" WHERE ("public"."users"."email" = $1 AND 1=1) LIMIT $2 OFFSET $3
2025-11-13 17:23:20.641 IST [95323] ERROR:  column users.dateOfBirth does not exist at character 507
2025-11-13 17:23:20.641 IST [95323] STATEMENT:  INSERT INTO "public"."users" ("email","password","firstName","lastName","isActive","createdAt","updatedAt","emailVerified","failedLoginAttempts","twoFactorEnabled") VALUES ($1,$2,$3,$4,$5,$6,$7,$8,$9,$10) RETURNING "public"."users"."id", "public"."users"."email", "public"."users"."password", "public"."users"."firstName", "public"."users"."lastName", "public"."users"."isActive", "public"."users"."lastLogin", "public"."users"."createdAt", "public"."users"."updatedAt", "public"."users"."profilePicture", "public"."users"."dateOfBirth", "public"."users"."companyId", "public"."users"."deletedAt", "public"."users"."accountLockedUntil", "public"."users"."emailVerificationToken", "public"."users"."emailVerified", "public"."users"."emailVerifiedAt", "public"."users"."failedLoginAttempts", "public"."users"."passwordResetExpires", "public"."users"."passwordResetToken", "public"."users"."twoFactorEnabled", "public"."users"."twoFactorSecret", "public"."users"."managerId"
2025-11-13 17:26:31.031 IST [651] ERROR:  column users.dateOfBirth does not exist at character 299
2025-11-13 17:26:31.031 IST [651] STATEMENT:  SELECT "public"."users"."id", "public"."users"."email", "public"."users"."password", "public"."users"."firstName", "public"."users"."lastName", "public"."users"."isActive", "public"."users"."lastLogin", "public"."users"."createdAt", "public"."users"."updatedAt", "public"."users"."profilePicture", "public"."users"."dateOfBirth", "public"."users"."companyId", "public"."users"."deletedAt", "public"."users"."accountLockedUntil", "public"."users"."emailVerificationToken", "public"."users"."emailVerified", "public"."users"."emailVerifiedAt", "public"."users"."failedLoginAttempts", "public"."users"."passwordResetExpires", "public"."users"."passwordResetToken", "public"."users"."twoFactorEnabled", "public"."users"."twoFactorSecret", "public"."users"."managerId" FROM "public"."users" WHERE ("public"."users"."email" = $1 AND 1=1) LIMIT $2 OFFSET $3
2025-11-13 17:26:31.129 IST [651] ERROR:  column users.dateOfBirth does not exist at character 507
2025-11-13 17:26:31.129 IST [651] STATEMENT:  INSERT INTO "public"."users" ("email","password","firstName","lastName","isActive","createdAt","updatedAt","emailVerified","failedLoginAttempts","twoFactorEnabled") VALUES ($1,$2,$3,$4,$5,$6,$7,$8,$9,$10) RETURNING "public"."users"."id", "public"."users"."email", "public"."users"."password", "public"."users"."firstName", "public"."users"."lastName", "public"."users"."isActive", "public"."users"."lastLogin", "public"."users"."createdAt", "public"."users"."updatedAt", "public"."users"."profilePicture", "public"."users"."dateOfBirth", "public"."users"."companyId", "public"."users"."deletedAt", "public"."users"."accountLockedUntil", "public"."users"."emailVerificationToken", "public"."users"."emailVerified", "public"."users"."emailVerifiedAt", "public"."users"."failedLoginAttempts", "public"."users"."passwordResetExpires", "public"."users"."passwordResetToken", "public"."users"."twoFactorEnabled", "public"."users"."twoFactorSecret", "public"."users"."managerId"
2025-11-13 17:28:04.909 IST [3674] ERROR:  permission denied to create database
2025-11-13 17:28:04.909 IST [3674] STATEMENT:  CREATE DATABASE "prisma_migrate_shadow_db_c010534e-398a-441c-85e6-08424e3e88df"
2025-11-13 17:41:56.301 IST [28583] FATAL:  remaining connection slots are reserved for non-replication superuser connections
2025-11-13 17:41:56.301 IST [28584] FATAL:  remaining connection slots are reserved for non-replication superuser connections
2025-11-13 17:41:56.304 IST [28586] FATAL:  remaining connection slots are reserved for non-replication superuser connections
